<?xml version="1.0" encoding="UTF-8"?>
<!-- Generated by org.testng.reporters.JUnitReportReporter -->
<testsuite hostname="Biswajits-MacBook-Air.local" failures="0" tests="1" name="cucumberOption.TestRunner" time="17.617" errors="0" timestamp="2025-03-31T10:34:32 IST" skipped="0">
  <testcase classname="cucumberOption.TestRunner" name="runScenario" time="17.617"/>
</testsuite> <!-- cucumberOption.TestRunner -->
